ref_clk_fre:10000000.0 fb_clk_freq:9999900.0 sync_cycle(ref_clk):99999
ref_clk_fre:10000000.0 fb_clk_freq:9999901.0 sync_cycle(ref_clk):9999901
ref_clk_fre:10000000.0 fb_clk_freq:9999902.0 sync_cycle(ref_clk):4999951
ref_clk_fre:10000000.0 fb_clk_freq:9999903.0 sync_cycle(ref_clk):9999903
ref_clk_fre:10000000.0 fb_clk_freq:9999904.0 sync_cycle(ref_clk):312497
ref_clk_fre:10000000.0 fb_clk_freq:9999905.0 sync_cycle(ref_clk):1999981
ref_clk_fre:10000000.0 fb_clk_freq:9999906.0 sync_cycle(ref_clk):4999953
ref_clk_fre:10000000.0 fb_clk_freq:9999907.0 sync_cycle(ref_clk):9999907
ref_clk_fre:10000000.0 fb_clk_freq:9999908.0 sync_cycle(ref_clk):2499977
ref_clk_fre:10000000.0 fb_clk_freq:9999909.0 sync_cycle(ref_clk):9999909
ref_clk_fre:10000000.0 fb_clk_freq:9999910.0 sync_cycle(ref_clk):999991
ref_clk_fre:10000000.0 fb_clk_freq:9999911.0 sync_cycle(ref_clk):9999911
ref_clk_fre:10000000.0 fb_clk_freq:9999912.0 sync_cycle(ref_clk):1249989
ref_clk_fre:10000000.0 fb_clk_freq:9999913.0 sync_cycle(ref_clk):9999913
ref_clk_fre:10000000.0 fb_clk_freq:9999914.0 sync_cycle(ref_clk):4999957
ref_clk_fre:10000000.0 fb_clk_freq:9999915.0 sync_cycle(ref_clk):1999983
ref_clk_fre:10000000.0 fb_clk_freq:9999916.0 sync_cycle(ref_clk):2499979
ref_clk_fre:10000000.0 fb_clk_freq:9999917.0 sync_cycle(ref_clk):9999917
ref_clk_fre:10000000.0 fb_clk_freq:9999918.0 sync_cycle(ref_clk):4999959
ref_clk_fre:10000000.0 fb_clk_freq:9999919.0 sync_cycle(ref_clk):9999919
ref_clk_fre:10000000.0 fb_clk_freq:9999920.0 sync_cycle(ref_clk):124999
ref_clk_fre:10000000.0 fb_clk_freq:9999921.0 sync_cycle(ref_clk):9999921
ref_clk_fre:10000000.0 fb_clk_freq:9999922.0 sync_cycle(ref_clk):4999961
ref_clk_fre:10000000.0 fb_clk_freq:9999923.0 sync_cycle(ref_clk):9999923
ref_clk_fre:10000000.0 fb_clk_freq:9999924.0 sync_cycle(ref_clk):2499981
ref_clk_fre:10000000.0 fb_clk_freq:9999925.0 sync_cycle(ref_clk):399997
ref_clk_fre:10000000.0 fb_clk_freq:9999926.0 sync_cycle(ref_clk):4999963
ref_clk_fre:10000000.0 fb_clk_freq:9999927.0 sync_cycle(ref_clk):9999927
ref_clk_fre:10000000.0 fb_clk_freq:9999928.0 sync_cycle(ref_clk):1249991
ref_clk_fre:10000000.0 fb_clk_freq:9999929.0 sync_cycle(ref_clk):9999929
ref_clk_fre:10000000.0 fb_clk_freq:9999930.0 sync_cycle(ref_clk):999993
ref_clk_fre:10000000.0 fb_clk_freq:9999931.0 sync_cycle(ref_clk):9999931
ref_clk_fre:10000000.0 fb_clk_freq:9999932.0 sync_cycle(ref_clk):2499983
ref_clk_fre:10000000.0 fb_clk_freq:9999933.0 sync_cycle(ref_clk):9999933
ref_clk_fre:10000000.0 fb_clk_freq:9999934.0 sync_cycle(ref_clk):4999967
ref_clk_fre:10000000.0 fb_clk_freq:9999935.0 sync_cycle(ref_clk):1999987
ref_clk_fre:10000000.0 fb_clk_freq:9999936.0 sync_cycle(ref_clk):156249
ref_clk_fre:10000000.0 fb_clk_freq:9999937.0 sync_cycle(ref_clk):9999937
ref_clk_fre:10000000.0 fb_clk_freq:9999938.0 sync_cycle(ref_clk):4999969
ref_clk_fre:10000000.0 fb_clk_freq:9999939.0 sync_cycle(ref_clk):9999939
ref_clk_fre:10000000.0 fb_clk_freq:9999940.0 sync_cycle(ref_clk):499997
ref_clk_fre:10000000.0 fb_clk_freq:9999941.0 sync_cycle(ref_clk):9999941
ref_clk_fre:10000000.0 fb_clk_freq:9999942.0 sync_cycle(ref_clk):4999971
ref_clk_fre:10000000.0 fb_clk_freq:9999943.0 sync_cycle(ref_clk):9999943
ref_clk_fre:10000000.0 fb_clk_freq:9999944.0 sync_cycle(ref_clk):1249993
ref_clk_fre:10000000.0 fb_clk_freq:9999945.0 sync_cycle(ref_clk):1999989
ref_clk_fre:10000000.0 fb_clk_freq:9999946.0 sync_cycle(ref_clk):4999973
ref_clk_fre:10000000.0 fb_clk_freq:9999947.0 sync_cycle(ref_clk):9999947
ref_clk_fre:10000000.0 fb_clk_freq:9999948.0 sync_cycle(ref_clk):2499987
ref_clk_fre:10000000.0 fb_clk_freq:9999949.0 sync_cycle(ref_clk):9999949
ref_clk_fre:10000000.0 fb_clk_freq:9999950.0 sync_cycle(ref_clk):199999
ref_clk_fre:10000000.0 fb_clk_freq:9999951.0 sync_cycle(ref_clk):9999951
ref_clk_fre:10000000.0 fb_clk_freq:9999952.0 sync_cycle(ref_clk):624997
ref_clk_fre:10000000.0 fb_clk_freq:9999953.0 sync_cycle(ref_clk):9999953
ref_clk_fre:10000000.0 fb_clk_freq:9999954.0 sync_cycle(ref_clk):4999977
ref_clk_fre:10000000.0 fb_clk_freq:9999955.0 sync_cycle(ref_clk):1999991
ref_clk_fre:10000000.0 fb_clk_freq:9999956.0 sync_cycle(ref_clk):2499989
ref_clk_fre:10000000.0 fb_clk_freq:9999957.0 sync_cycle(ref_clk):9999957
ref_clk_fre:10000000.0 fb_clk_freq:9999958.0 sync_cycle(ref_clk):4999979
ref_clk_fre:10000000.0 fb_clk_freq:9999959.0 sync_cycle(ref_clk):9999959
ref_clk_fre:10000000.0 fb_clk_freq:9999960.0 sync_cycle(ref_clk):249999
ref_clk_fre:10000000.0 fb_clk_freq:9999961.0 sync_cycle(ref_clk):9999961
ref_clk_fre:10000000.0 fb_clk_freq:9999962.0 sync_cycle(ref_clk):4999981
ref_clk_fre:10000000.0 fb_clk_freq:9999963.0 sync_cycle(ref_clk):9999963
ref_clk_fre:10000000.0 fb_clk_freq:9999964.0 sync_cycle(ref_clk):2499991
ref_clk_fre:10000000.0 fb_clk_freq:9999965.0 sync_cycle(ref_clk):1999993
ref_clk_fre:10000000.0 fb_clk_freq:9999966.0 sync_cycle(ref_clk):4999983
ref_clk_fre:10000000.0 fb_clk_freq:9999967.0 sync_cycle(ref_clk):9999967
ref_clk_fre:10000000.0 fb_clk_freq:9999968.0 sync_cycle(ref_clk):312499
ref_clk_fre:10000000.0 fb_clk_freq:9999969.0 sync_cycle(ref_clk):9999969
ref_clk_fre:10000000.0 fb_clk_freq:9999970.0 sync_cycle(ref_clk):999997
ref_clk_fre:10000000.0 fb_clk_freq:9999971.0 sync_cycle(ref_clk):9999971
ref_clk_fre:10000000.0 fb_clk_freq:9999972.0 sync_cycle(ref_clk):2499993
ref_clk_fre:10000000.0 fb_clk_freq:9999973.0 sync_cycle(ref_clk):9999973
ref_clk_fre:10000000.0 fb_clk_freq:9999974.0 sync_cycle(ref_clk):4999987
ref_clk_fre:10000000.0 fb_clk_freq:9999975.0 sync_cycle(ref_clk):399999
ref_clk_fre:10000000.0 fb_clk_freq:9999976.0 sync_cycle(ref_clk):1249997
ref_clk_fre:10000000.0 fb_clk_freq:9999977.0 sync_cycle(ref_clk):9999977
ref_clk_fre:10000000.0 fb_clk_freq:9999978.0 sync_cycle(ref_clk):4999989
ref_clk_fre:10000000.0 fb_clk_freq:9999979.0 sync_cycle(ref_clk):9999979
ref_clk_fre:10000000.0 fb_clk_freq:9999980.0 sync_cycle(ref_clk):499999
ref_clk_fre:10000000.0 fb_clk_freq:9999981.0 sync_cycle(ref_clk):9999981
ref_clk_fre:10000000.0 fb_clk_freq:9999982.0 sync_cycle(ref_clk):4999991
ref_clk_fre:10000000.0 fb_clk_freq:9999983.0 sync_cycle(ref_clk):9999983
ref_clk_fre:10000000.0 fb_clk_freq:9999984.0 sync_cycle(ref_clk):624999
ref_clk_fre:10000000.0 fb_clk_freq:9999985.0 sync_cycle(ref_clk):1999997
ref_clk_fre:10000000.0 fb_clk_freq:9999986.0 sync_cycle(ref_clk):4999993
ref_clk_fre:10000000.0 fb_clk_freq:9999987.0 sync_cycle(ref_clk):9999987
ref_clk_fre:10000000.0 fb_clk_freq:9999988.0 sync_cycle(ref_clk):2499997
ref_clk_fre:10000000.0 fb_clk_freq:9999989.0 sync_cycle(ref_clk):9999989
ref_clk_fre:10000000.0 fb_clk_freq:9999990.0 sync_cycle(ref_clk):999999
ref_clk_fre:10000000.0 fb_clk_freq:9999991.0 sync_cycle(ref_clk):9999991
ref_clk_fre:10000000.0 fb_clk_freq:9999992.0 sync_cycle(ref_clk):1249999
ref_clk_fre:10000000.0 fb_clk_freq:9999993.0 sync_cycle(ref_clk):9999993
ref_clk_fre:10000000.0 fb_clk_freq:9999994.0 sync_cycle(ref_clk):4999997
ref_clk_fre:10000000.0 fb_clk_freq:9999995.0 sync_cycle(ref_clk):1999999
ref_clk_fre:10000000.0 fb_clk_freq:9999996.0 sync_cycle(ref_clk):2499999
ref_clk_fre:10000000.0 fb_clk_freq:9999997.0 sync_cycle(ref_clk):9999997
ref_clk_fre:10000000.0 fb_clk_freq:9999998.0 sync_cycle(ref_clk):4999999
ref_clk_fre:10000000.0 fb_clk_freq:9999999.0 sync_cycle(ref_clk):9999999
ref_clk_fre:10000000.0 fb_clk_freq:10000000.0 sync_cycle(ref_clk):1
ref_clk_fre:10000000.0 fb_clk_freq:10000001.0 sync_cycle(ref_clk):10000001
ref_clk_fre:10000000.0 fb_clk_freq:10000002.0 sync_cycle(ref_clk):5000001
ref_clk_fre:10000000.0 fb_clk_freq:10000003.0 sync_cycle(ref_clk):10000003
ref_clk_fre:10000000.0 fb_clk_freq:10000004.0 sync_cycle(ref_clk):2500001
ref_clk_fre:10000000.0 fb_clk_freq:10000005.0 sync_cycle(ref_clk):2000001
ref_clk_fre:10000000.0 fb_clk_freq:10000006.0 sync_cycle(ref_clk):5000003
ref_clk_fre:10000000.0 fb_clk_freq:10000007.0 sync_cycle(ref_clk):10000007
ref_clk_fre:10000000.0 fb_clk_freq:10000008.0 sync_cycle(ref_clk):1250001
ref_clk_fre:10000000.0 fb_clk_freq:10000009.0 sync_cycle(ref_clk):10000009
ref_clk_fre:10000000.0 fb_clk_freq:10000010.0 sync_cycle(ref_clk):1000001
ref_clk_fre:10000000.0 fb_clk_freq:10000011.0 sync_cycle(ref_clk):10000011
ref_clk_fre:10000000.0 fb_clk_freq:10000012.0 sync_cycle(ref_clk):2500003
ref_clk_fre:10000000.0 fb_clk_freq:10000013.0 sync_cycle(ref_clk):10000013
ref_clk_fre:10000000.0 fb_clk_freq:10000014.0 sync_cycle(ref_clk):5000007
ref_clk_fre:10000000.0 fb_clk_freq:10000015.0 sync_cycle(ref_clk):2000003
ref_clk_fre:10000000.0 fb_clk_freq:10000016.0 sync_cycle(ref_clk):625001
ref_clk_fre:10000000.0 fb_clk_freq:10000017.0 sync_cycle(ref_clk):10000017
ref_clk_fre:10000000.0 fb_clk_freq:10000018.0 sync_cycle(ref_clk):5000009
ref_clk_fre:10000000.0 fb_clk_freq:10000019.0 sync_cycle(ref_clk):10000019
ref_clk_fre:10000000.0 fb_clk_freq:10000020.0 sync_cycle(ref_clk):500001
ref_clk_fre:10000000.0 fb_clk_freq:10000021.0 sync_cycle(ref_clk):10000021
ref_clk_fre:10000000.0 fb_clk_freq:10000022.0 sync_cycle(ref_clk):5000011
ref_clk_fre:10000000.0 fb_clk_freq:10000023.0 sync_cycle(ref_clk):10000023
ref_clk_fre:10000000.0 fb_clk_freq:10000024.0 sync_cycle(ref_clk):1250003
ref_clk_fre:10000000.0 fb_clk_freq:10000025.0 sync_cycle(ref_clk):400001
ref_clk_fre:10000000.0 fb_clk_freq:10000026.0 sync_cycle(ref_clk):5000013
ref_clk_fre:10000000.0 fb_clk_freq:10000027.0 sync_cycle(ref_clk):10000027
ref_clk_fre:10000000.0 fb_clk_freq:10000028.0 sync_cycle(ref_clk):2500007
ref_clk_fre:10000000.0 fb_clk_freq:10000029.0 sync_cycle(ref_clk):10000029
ref_clk_fre:10000000.0 fb_clk_freq:10000030.0 sync_cycle(ref_clk):1000003
ref_clk_fre:10000000.0 fb_clk_freq:10000031.0 sync_cycle(ref_clk):10000031
ref_clk_fre:10000000.0 fb_clk_freq:10000032.0 sync_cycle(ref_clk):312501
ref_clk_fre:10000000.0 fb_clk_freq:10000033.0 sync_cycle(ref_clk):10000033
ref_clk_fre:10000000.0 fb_clk_freq:10000034.0 sync_cycle(ref_clk):5000017
ref_clk_fre:10000000.0 fb_clk_freq:10000035.0 sync_cycle(ref_clk):2000007
ref_clk_fre:10000000.0 fb_clk_freq:10000036.0 sync_cycle(ref_clk):2500009
ref_clk_fre:10000000.0 fb_clk_freq:10000037.0 sync_cycle(ref_clk):10000037
ref_clk_fre:10000000.0 fb_clk_freq:10000038.0 sync_cycle(ref_clk):5000019
ref_clk_fre:10000000.0 fb_clk_freq:10000039.0 sync_cycle(ref_clk):10000039
ref_clk_fre:10000000.0 fb_clk_freq:10000040.0 sync_cycle(ref_clk):250001
ref_clk_fre:10000000.0 fb_clk_freq:10000041.0 sync_cycle(ref_clk):10000041
ref_clk_fre:10000000.0 fb_clk_freq:10000042.0 sync_cycle(ref_clk):5000021
ref_clk_fre:10000000.0 fb_clk_freq:10000043.0 sync_cycle(ref_clk):10000043
ref_clk_fre:10000000.0 fb_clk_freq:10000044.0 sync_cycle(ref_clk):2500011
ref_clk_fre:10000000.0 fb_clk_freq:10000045.0 sync_cycle(ref_clk):2000009
ref_clk_fre:10000000.0 fb_clk_freq:10000046.0 sync_cycle(ref_clk):5000023
ref_clk_fre:10000000.0 fb_clk_freq:10000047.0 sync_cycle(ref_clk):10000047
ref_clk_fre:10000000.0 fb_clk_freq:10000048.0 sync_cycle(ref_clk):625003
ref_clk_fre:10000000.0 fb_clk_freq:10000049.0 sync_cycle(ref_clk):10000049
ref_clk_fre:10000000.0 fb_clk_freq:10000050.0 sync_cycle(ref_clk):200001
ref_clk_fre:10000000.0 fb_clk_freq:10000051.0 sync_cycle(ref_clk):10000051
ref_clk_fre:10000000.0 fb_clk_freq:10000052.0 sync_cycle(ref_clk):2500013
ref_clk_fre:10000000.0 fb_clk_freq:10000053.0 sync_cycle(ref_clk):10000053
ref_clk_fre:10000000.0 fb_clk_freq:10000054.0 sync_cycle(ref_clk):5000027
ref_clk_fre:10000000.0 fb_clk_freq:10000055.0 sync_cycle(ref_clk):2000011
ref_clk_fre:10000000.0 fb_clk_freq:10000056.0 sync_cycle(ref_clk):1250007
ref_clk_fre:10000000.0 fb_clk_freq:10000057.0 sync_cycle(ref_clk):10000057
ref_clk_fre:10000000.0 fb_clk_freq:10000058.0 sync_cycle(ref_clk):5000029
ref_clk_fre:10000000.0 fb_clk_freq:10000059.0 sync_cycle(ref_clk):10000059
ref_clk_fre:10000000.0 fb_clk_freq:10000060.0 sync_cycle(ref_clk):500003
ref_clk_fre:10000000.0 fb_clk_freq:10000061.0 sync_cycle(ref_clk):10000061
ref_clk_fre:10000000.0 fb_clk_freq:10000062.0 sync_cycle(ref_clk):5000031
ref_clk_fre:10000000.0 fb_clk_freq:10000063.0 sync_cycle(ref_clk):10000063
ref_clk_fre:10000000.0 fb_clk_freq:10000064.0 sync_cycle(ref_clk):156251
ref_clk_fre:10000000.0 fb_clk_freq:10000065.0 sync_cycle(ref_clk):2000013
ref_clk_fre:10000000.0 fb_clk_freq:10000066.0 sync_cycle(ref_clk):5000033
ref_clk_fre:10000000.0 fb_clk_freq:10000067.0 sync_cycle(ref_clk):10000067
ref_clk_fre:10000000.0 fb_clk_freq:10000068.0 sync_cycle(ref_clk):2500017
ref_clk_fre:10000000.0 fb_clk_freq:10000069.0 sync_cycle(ref_clk):10000069
ref_clk_fre:10000000.0 fb_clk_freq:10000070.0 sync_cycle(ref_clk):1000007
ref_clk_fre:10000000.0 fb_clk_freq:10000071.0 sync_cycle(ref_clk):10000071
ref_clk_fre:10000000.0 fb_clk_freq:10000072.0 sync_cycle(ref_clk):1250009
ref_clk_fre:10000000.0 fb_clk_freq:10000073.0 sync_cycle(ref_clk):10000073
ref_clk_fre:10000000.0 fb_clk_freq:10000074.0 sync_cycle(ref_clk):5000037
ref_clk_fre:10000000.0 fb_clk_freq:10000075.0 sync_cycle(ref_clk):400003
ref_clk_fre:10000000.0 fb_clk_freq:10000076.0 sync_cycle(ref_clk):2500019
ref_clk_fre:10000000.0 fb_clk_freq:10000077.0 sync_cycle(ref_clk):10000077
ref_clk_fre:10000000.0 fb_clk_freq:10000078.0 sync_cycle(ref_clk):5000039
ref_clk_fre:10000000.0 fb_clk_freq:10000079.0 sync_cycle(ref_clk):10000079
ref_clk_fre:10000000.0 fb_clk_freq:10000080.0 sync_cycle(ref_clk):125001
ref_clk_fre:10000000.0 fb_clk_freq:10000081.0 sync_cycle(ref_clk):10000081
ref_clk_fre:10000000.0 fb_clk_freq:10000082.0 sync_cycle(ref_clk):5000041
ref_clk_fre:10000000.0 fb_clk_freq:10000083.0 sync_cycle(ref_clk):10000083
ref_clk_fre:10000000.0 fb_clk_freq:10000084.0 sync_cycle(ref_clk):2500021
ref_clk_fre:10000000.0 fb_clk_freq:10000085.0 sync_cycle(ref_clk):2000017
ref_clk_fre:10000000.0 fb_clk_freq:10000086.0 sync_cycle(ref_clk):5000043
ref_clk_fre:10000000.0 fb_clk_freq:10000087.0 sync_cycle(ref_clk):10000087
ref_clk_fre:10000000.0 fb_clk_freq:10000088.0 sync_cycle(ref_clk):1250011
ref_clk_fre:10000000.0 fb_clk_freq:10000089.0 sync_cycle(ref_clk):10000089
ref_clk_fre:10000000.0 fb_clk_freq:10000090.0 sync_cycle(ref_clk):1000009
ref_clk_fre:10000000.0 fb_clk_freq:10000091.0 sync_cycle(ref_clk):10000091
ref_clk_fre:10000000.0 fb_clk_freq:10000092.0 sync_cycle(ref_clk):2500023
ref_clk_fre:10000000.0 fb_clk_freq:10000093.0 sync_cycle(ref_clk):10000093
ref_clk_fre:10000000.0 fb_clk_freq:10000094.0 sync_cycle(ref_clk):5000047
ref_clk_fre:10000000.0 fb_clk_freq:10000095.0 sync_cycle(ref_clk):2000019
ref_clk_fre:10000000.0 fb_clk_freq:10000096.0 sync_cycle(ref_clk):312503
ref_clk_fre:10000000.0 fb_clk_freq:10000097.0 sync_cycle(ref_clk):10000097
ref_clk_fre:10000000.0 fb_clk_freq:10000098.0 sync_cycle(ref_clk):5000049
ref_clk_fre:10000000.0 fb_clk_freq:10000099.0 sync_cycle(ref_clk):10000099

/////// ANALYSIS RESULT ///////
MAX SYNC CYCLE: 10000099
MIN SYNC CYCLE: 1
AVG SYNC CYCLE: 5557062.5
MDN SYNC CYCLE: 5000000
